CompileCommand: exclude com/intellij/openapi/vfs/impl/FilePartNodeRoot.trieDescend bool exclude = true
Debug | ByteBufferAsyncProcessor  | 22:DefaultDispatcher-worker-11 | PAUSE ('Socket not connected') :: {id = EarlyStartServerWire/Sender, state = 'Initialized'} 
Debug | Server                    | 105:EarlyStartServerWire | EarlyStartServerWire: listening /127.0.0.1:33425 
Installation home directory: file:////nix/store/0jmfvfbsikgmpa65nlij0b3y76h0v847-rider-2023.3.3/rider
System directory: file:////home/sascha/.cache/JetBrains/Rider2023.3
Config directory: file:////home/sascha/.config/JetBrains/Rider2023.3
Log directory: file:////home/sascha/.cache/JetBrains/Rider2023.3/log
Info  | Server                    | 22:DefaultDispatcher-worker-11 | EarlyStartServerWire: start terminating lifetime 
Debug | Server                    | 22:DefaultDispatcher-worker-11 | EarlyStartServerWire: shutting down ack sending executor 
Debug | Server                    | 22:DefaultDispatcher-worker-11 | EarlyStartServerWire: send buffer stopped, success: true 
Debug | Server                    | 22:DefaultDispatcher-worker-11 | EarlyStartServerWire: closing socket 
Info  | Server                    | 22:DefaultDispatcher-worker-11 | EarlyStartServerWire: termination finished 
Debug | Server                    | 105:EarlyStartServerWire | EarlyStartServerWire closed with exception: java.net.SocketException: Socket closed 
Debug | Server                    | 105:EarlyStartServerWire | EarlyStartServerWire: waiting for reconnection on /127.0.0.1:33425. 
Debug | Server                    | 105:EarlyStartServerWire | EarlyStartServerWire: terminated. 
Debug | ByteBufferAsyncProcessor  | 22:DefaultDispatcher-worker-11 | PAUSE ('Socket not connected') :: {id = FrontendToBackend/Sender, state = 'Initialized'} 
Debug | Server                    | 119:FrontendToBackend | FrontendToBackend: listening /127.0.0.1:41237 
2024-03-05 22:54:02,227 [    761]   WARN - #c.j.r.p.ReSharperProcess - Rider host process has exited by request with exit code 143
2024-03-05 22:54:02,322 [    856]   WARN - #c.i.s.ComponentManagerImpl - `preload=true` must be used only for core services (service=com.intellij.ae.database.core.baseEvents.fus.AddStatisticsEventLogListenerTemporary, plugin=com.jetbrains.ae.database)
2024-03-05 22:54:02,323 [    857]   WARN - #c.i.s.ComponentManagerImpl - `preload=true` must be used only for core services (service=com.jetbrains.rdserver.statistics.BackendStatisticsManager, plugin=com.jetbrains.codeWithMe)
2024-03-05 22:54:02,535 [   1069]   WARN - #c.i.s.ComponentManagerImpl - com.jetbrains.rider.diagnostics.LogTraceScenarios initializer requests com.jetbrains.rd.platform.diagnostics.LogTraceScenariosRegistry instance
2024-03-05 22:54:02,709 [   1243]   WARN - #c.i.s.ComponentManagerImpl - com.intellij.psi.search.FilenameIndex initializer requests com.intellij.ide.plugins.PluginUtil instance
2024-03-05 22:54:02,794 [   1328]   WARN - #c.i.s.ComponentManagerImpl - com.intellij.lang.javascript.psi.jsdoc.impl.JSDocCustomTags initializer requests com.intellij.lang.javascript.JSDisposable instance
2024-03-05 22:54:02,939 [   1473]   WARN - #c.i.o.v.n.p.d.e.DurableEnumeratorFactory - [enumerator.mmapped]: .valueToId map is out-of-sync with .valuesLog data -> rebuilding it
2024-03-05 22:54:03,145 [   1679]   WARN - #c.i.i.u.UITheme - *.arc has numeric value but specified as string
2024-03-05 22:54:15,974 [  14508]   WARN - #c.i.s.ComponentManagerImpl - `preload=true` must be used only for core services (service=com.jetbrains.rider.diagrams.architecture.v2.DiagramHost, plugin=com.jetbrains.rider.diagram)
2024-03-05 22:54:15,974 [  14508]   WARN - #c.i.s.ComponentManagerImpl - `preload=true` must be used only for core services (service=com.jetbrains.rider.diagrams.architecture.DiagramHost, plugin=com.jetbrains.rider.diagram)
2024-03-05 22:54:16,026 [  14560]   WARN - #c.i.s.ComponentManagerImpl - org.zmlx.hg4idea.provider.HgChangeProvider initializer requests com.intellij.openapi.vcs.FileStatusFactory instance
2024-03-05 22:54:16,122 [  14656]   WARN - #c.i.s.ComponentManagerImpl - com.intellij.psi.LanguageSubstitutors initializer requests com.intellij.psi.LanguageSubstitutors instance
2024-03-05 22:54:16,783 [  15317]   WARN - #c.j.r.e.RiderTextControlHost - file null doesn't exist
2024-03-05 22:54:16,885 [  15419]   WARN - #c.i.s.ComponentManagerImpl - com.github.catppuccin.jetbrains_icons.IconPack initializer requests com.github.catppuccin.jetbrains_icons.settings.PluginSettingsState instance
2024-03-05 22:54:17,167 [  15701]   WARN - #c.i.o.a.i.ActionUpdater - 802 ms to grab EDT for ToolWindowHeader$2#Update@ToolwindowTitle (com.intellij.toolWindow.ToolWindowHeader$2)
2024-03-05 22:54:17,168 [  15702]   WARN - #c.i.o.a.i.ActionUpdater - 788 ms to grab EDT for RiderRefactoringActionGroup#Update@MainMenu (com.jetbrains.rider.refactorings.ideaInterop.RiderRefactoringActionGroup)
2024-03-05 22:54:17,178 [  15712]   WARN - #c.i.o.a.i.ActionUpdater - 798 ms to grab EDT for RiderRefactoringActionGroup#Update@MainMenu (com.jetbrains.rider.refactorings.ideaInterop.RiderRefactoringActionGroup)
2024-03-05 22:54:17,178 [  15712]   WARN - #c.i.o.a.i.ActionUpdater - 788 ms to grab EDT for RiderRefactoringActionGroup#Update@MainMenu (com.jetbrains.rider.refactorings.ideaInterop.RiderRefactoringActionGroup)
2024-03-05 22:54:17,354 [  15888]   WARN - #c.j.r.e.RiderTextControlHost - file null doesn't exist
2024-03-05 22:54:17,499 [  16033]   WARN - #c.j.r.e.RiderTextControlHost - file null doesn't exist
2024-03-05 22:54:17,702 [  16236]   WARN - #c.j.r.e.RiderTextControlHost - file null doesn't exist
2024-03-05 22:54:17,837 [  16371]   WARN - #o.j.p.t.TextMateService - Cannot find referenced file `./language-configuration.json` in bundle `/nix/store/0jmfvfbsikgmpa65nlij0b3y76h0v847-rider-2023.3.3/rider/plugins/textmate/lib/bundles/mdx`
2024-03-05 22:54:18,245 [  16779]   WARN - #c.j.r.e.RiderTextControlHost - file null doesn't exist
2024-03-05 22:54:18,355 [  16889]   WARN - #c.j.r.e.RiderTextControlHost - file null doesn't exist
2024-03-05 22:54:18,467 [  17001]   WARN - #c.j.r.e.RiderTextControlHost - file null doesn't exist
2024-03-05 22:54:18,520 [  17054]   WARN - #c.j.r.e.RiderTextControlHost - file null doesn't exist
2024-03-05 22:54:19,010 [  17544]   WARN - #c.i.i.s.i.StartupManagerImpl - Migrate com.jetbrains.rider.settings.perApp.RiderPerAppSettingsRefresher to ProjectActivity [Plugin: com.intellij]
com.intellij.diagnostic.PluginException: Migrate com.jetbrains.rider.settings.perApp.RiderPerAppSettingsRefresher to ProjectActivity [Plugin: com.intellij]
	at com.intellij.ide.startup.impl.StartupManagerImpl.runPostStartupActivities(StartupManagerImpl.kt:277)
	at com.intellij.ide.startup.impl.StartupManagerImpl.access$runPostStartupActivities(StartupManagerImpl.kt:69)
	at com.intellij.ide.startup.impl.StartupManagerImpl$runPostStartupActivities$3$2.invokeSuspend(StartupManagerImpl.kt:192)
	at com.intellij.ide.startup.impl.StartupManagerImpl$runPostStartupActivities$3$2.invoke(StartupManagerImpl.kt)
	at com.intellij.ide.startup.impl.StartupManagerImpl$runPostStartupActivities$3$2.invoke(StartupManagerImpl.kt)
	at kotlinx.coroutines.intrinsics.UndispatchedKt.startUndispatchedOrReturn(Undispatched.kt:78)
	at kotlinx.coroutines.BuildersKt__Builders_commonKt.withContext(Builders.common.kt:167)
	at kotlinx.coroutines.BuildersKt.withContext(Unknown Source)
	at com.intellij.ide.startup.impl.StartupManagerImpl$runPostStartupActivities$3.invokeSuspend(StartupManagerImpl.kt:191)
	at kotlin.coroutines.jvm.internal.BaseContinuationImpl.resumeWith(ContinuationImpl.kt:33)
	at kotlinx.coroutines.UndispatchedCoroutine.afterResume(CoroutineContext.kt:270)
	at kotlinx.coroutines.AbstractCoroutine.resumeWith(AbstractCoroutine.kt:102)
	at kotlin.coroutines.jvm.internal.BaseContinuationImpl.resumeWith(ContinuationImpl.kt:46)
	at kotlinx.coroutines.DispatchedTask.run(DispatchedTask.kt:108)
	at kotlinx.coroutines.scheduling.CoroutineScheduler.runSafely(CoroutineScheduler.kt:584)
	at kotlinx.coroutines.scheduling.CoroutineScheduler$Worker.executeTask(CoroutineScheduler.kt:793)
	at kotlinx.coroutines.scheduling.CoroutineScheduler$Worker.runWorker(CoroutineScheduler.kt:697)
	at kotlinx.coroutines.scheduling.CoroutineScheduler$Worker.run(CoroutineScheduler.kt:684)
2024-03-05 22:54:19,214 [  17748]   WARN - #c.i.s.SpellCheckerManager - Couldn't load dictionary unity.dic with loader 'class com.jetbrains.rider.plugins.unity.spellchecker.UnityBundledDictionaryProvider'
2024-03-05 22:54:19,664 [  18198]   WARN - #c.i.s.ComponentManagerImpl - com.intellij.database.console.session.DatabaseSessionManager initializer requests com.intellij.database.console.session.DatabaseSessionViewService instance
2024-03-05 22:54:19,779 [  18313]   WARN - #c.i.o.a.i.ActionUpdater - 653 ms to grab EDT for ToolWindowHeader$2#Update@ToolwindowTitle (com.intellij.toolWindow.ToolWindowHeader$2)
